One matching license found for this product: synplifypro_gowin

Starting:    /home/rochor/APPLICATIONS/Gowin_V1.9.2.02Beta/SynplifyPro/linux_a_64/mbin/synbatch
Install:     /home/rochor/APPLICATIONS/Gowin_V1.9.2.02Beta/SynplifyPro
Hostname:    rochor-Swift-SF315-51G
Date:        Mon Mar 30 05:52:34 2020
Version:     P-2019.03G

Arguments:   -product synplify_pro -batch /home/rochor/APPLICATIONS/Gowin_V1.9.2.02Beta/FPGA_Projects/Test_CPU/impl/synthesize/Test_CPU.prj
ProductType: synplify_pro

License checkout: synplifypro_gowin
License: synplifypro_gowin from server 45.33.107.56 
Licensed Vendor: gowin

Running in Vendor Mode

log file: "/home/rochor/APPLICATIONS/Gowin_V1.9.2.02Beta/FPGA_Projects/Test_CPU/impl/synthesize/rev_1/Test_CPU.srr"
Running: rev_1 in foreground

Running Test_CPU|rev_1

Running Flow: compile (Compile) on Test_CPU|rev_1
# Mon Mar 30 05:52:35 2020

Running Flow: compile_flow (Compile Process) on Test_CPU|rev_1
# Mon Mar 30 05:52:35 2020

Running: compiler (Compile Input) on Test_CPU|rev_1
# Mon Mar 30 05:52:35 2020
Copied /home/rochor/APPLICATIONS/Gowin_V1.9.2.02Beta/FPGA_Projects/Test_CPU/impl/synthesize/rev_1/synwork/Test_CPU_comp.srs to /home/rochor/APPLICATIONS/Gowin_V1.9.2.02Beta/FPGA_Projects/Test_CPU/impl/synthesize/rev_1/Test_CPU.srs

compiler completed
# Mon Mar 30 05:52:54 2020

Return Code: 0
Run Time:00h:00m:19s

Running: multi_srs_gen (Multi-srs Generator) on Test_CPU|rev_1
# Mon Mar 30 05:52:54 2020

multi_srs_gen completed
# Mon Mar 30 05:52:54 2020

Return Code: 0
Run Time:00h:00m:00s
Copied /home/rochor/APPLICATIONS/Gowin_V1.9.2.02Beta/FPGA_Projects/Test_CPU/impl/synthesize/rev_1/synwork/Test_CPU_mult.srs to /home/rochor/APPLICATIONS/Gowin_V1.9.2.02Beta/FPGA_Projects/Test_CPU/impl/synthesize/rev_1/Test_CPU.srs
Complete: Compile Process on Test_CPU|rev_1

Running: premap (Premap) on Test_CPU|rev_1
# Mon Mar 30 05:52:54 2020

premap completed with warnings
# Mon Mar 30 05:52:56 2020

Return Code: 1
Run Time:00h:00m:02s
Complete: Compile on Test_CPU|rev_1

Running Flow: map (Map) on Test_CPU|rev_1
# Mon Mar 30 05:52:56 2020

Running: fpga_mapper (Map & Optimize) on Test_CPU|rev_1
# Mon Mar 30 05:52:56 2020
Copied /home/rochor/APPLICATIONS/Gowin_V1.9.2.02Beta/FPGA_Projects/Test_CPU/impl/synthesize/rev_1/synwork/Test_CPU_m.srm to /home/rochor/APPLICATIONS/Gowin_V1.9.2.02Beta/FPGA_Projects/Test_CPU/impl/synthesize/rev_1/Test_CPU.srm

fpga_mapper completed with warnings
# Mon Mar 30 05:53:33 2020

Return Code: 1
Run Time:00h:00m:37s
Complete: Map on Test_CPU|rev_1
Complete: Logic Synthesis on Test_CPU|rev_1
exit status=0
exit status=0
License checkin: synplifypro_gowin
